97570
96804
97746
93594
89786
93594
96899
97822
97746
70043
99341
97499
97294
99981
93594
99778
97746
97499
94206
98357
92486
99912
97350
98838
99164
93148
97688
97746
97499
86782
86977
97499
86977
99529
97746
93148
97746
90578
89956
97499
98838
96124
83491
97499
93594
99436
91583
98838
97499
97499
96267
99045
97746
93594
96177
97746
95608
86977
99912
98517
96021
93049
97499
95608
97746
96884
96535
97336
97499
98621
98357
97499
86006
97499
99765
97746
99075
95608
99478
90578
97740
96845
97746
98838
93723
99924
97499
93594
97746
86977
97673
74373
97499
97746
99416
93594
95235
97499
91031
96853
94731
99215
97746
96042
93594
97746
97811
99436
97499
99024
95310
97909
93594
97499
92086
97499
97499
94112
97499
97746
97746
97746
94169
88802
94701
98317
95999
93416
96760
96548
92121
92698
95182
97499
97746
97499
97746
97693
95608
99436
99024
93594
97746
96583
93560
99109
87031
87112
89166
78905
93594
93594
98486
95597
93594
94416
97909
95736
95915
99109
97499
91439
97499
97499
93991
93594
97350
99024
86685
99500
92169
79804
96359
96088
91773
97746
94764
97746
96493
91031
99795
99258
84273
80426
81429
95608
97746
95937
95425
97746
84337
88021
96583
98238
97746
97499
94907
91080
97884
97746
92121
97746
97053
86977
97746
91414
97746
98932
98343
97746
99864
93723
97634
97732
98070
92698
91200
99621
96524
96583
98486
86832
97746
97746
97746
91846
98021
83650
98817
98569
98838
97746
97499
97499
97746
90578
99920
97746
98637
95608
96548
93054
96583
97184
87023
92121
97746
97746
99253
92470
99765
79578
97799
93594
97746
86264
93594
97746
93594
97746
91439
98964
93568
97746
97693
80426
92863
93594
93594
90854
94169
71978
94298
96548
97700
97746
99886
96079
98655
85441
99416
99436
95819
98522
97746
97135
98830
80319
99823
97746
97740
83487
99176
99322
93148
97499
99873
97499
94119
90760
93642
98969
95608
82233
97160
99048
99416
99830
98987
98599
99241
97746
97746
90088
90578
97294
97746
97350
99024
99870
97746
91527
97746
97634
95046
97746
97499
97746
96804
97746
97746
94172
97499
89320
97276
93148
96919
94172
97746
91301
89986
96535
98782
93096
88925
97746
93655
98838
97746
87215
88245
99173
99186
79804
97746
97316
97294
94604
98296
81377
95714
98838
94899
97499
99145
97746
87454
86977
99500
97746
94119
97746
89132
98357
90236
99436
91439
97499
91599
97940
98078
99621
99024
86977
96478
97746
97499
87049
92121
93594
95645
97746
98143
93594
97746
81291
97499
96751
95980
93594
93554
93148
97746
96583
97732
97746
99436
96535
97746
92121
96583
98599
97499
95608
90218
99068
93148
86977
80426
97746
98335
96478
83650
98987
97746
85536
99324
99937
97909
96829
95352
92164
91821
95780
98913
97838
95608
99621
97499
97746
98987
86977
99550
68189
97911
95425
91050
86157
97746
97746
97499
90506
98688
93594
92121
99436
98933
99183
99024
97992
97746
90189
92103
94045
98745
97746
93594
93594
94730
96583
94411
97746
96777
99896
96211
97746
99778
97746
95581
97746
97905
87034
99618
99108
97746
97746
97746
91268
81536
97746
99054
93037
95321
93690
97746
86977
92552
93594
97746
99436
83720
99823
93594
87049
94927
98869
95566
97499
81536
91213
97746
96267
90578
93554
97746
96583
93594
97746
95555
93148
97746
97746
97746
91087
97746
98794
81191
97746
94169
95386
91067
92050
97746
98111
99885
96258
97746
91734
99024
97499
98838
97499
99937
97746
99024
97838
90578
97499
93594
95608
97746
99151
94474
97499
99823
97746
88933
96211
97746
94991
97746
83827
91977
97746
97746
98756
93594
95423
83487
97499
92224
86977
93148
83674
90680
97746
92091
98173
99712
97746
99382
97746
90578
95608
98838
95608
92121
98442
99138
97499
97746
97746
98987
97746
98516
99075
93117
97238
99544
99611
98039
97499
94112
92078
91957
99596
84753
97214
94327
97279
97350
97732
95797
99436
97746
93148
73778
99109
99436
96489
93477
96535
97746
99784
99075
97119
99416
97746
97746
99605
92121
97499
86977
90578
98621
97746
86977
99326
87093
93594
90125
88994
97746
93594
99935
97499
86977
73397
95608
94903
97746
97507
97746
96583
91268
91268
92584
99024
99770
98010
92715
83487
98024
84214
97746
97746
98486
95566
94838
96583
98343
97693
90548
92063
98660
97746
99176
95887
95608
99823
98343
93646
97746
87817
96868
98301
99632
93594
83546
99613
84753
89259
96583
97746
97596
97746
90717
97746
93594
92148
95177
92121
96773
97499
95744
95608
97499
99623
97634
96671
97746
99464
92121
89900
99024
99852
96890
99024
83776
97746
98802
87023
99383
99024
92121
97746
95819
97775
95060
97746
99376
93594
98369
90654
93148
88902
96583
98621
97746
93594
93739
99161
97746
96583
98869
97746
97259
95630
97746
99147
99477
93594
75638
85885
97746
99109
95608
97184
98744
94443
97746
98442
99256
98838
98336
97499
86977
99621
97499
97746
97499
93594
99621
97689
96875
99436
97499
70873
97746
97746
99500
93594
93004
97802
92121
97499
84424
93554
97746
94169
90908
99416
97746
98486
96968
97746
97746
95839
99472
94655
98770
99924
87935
96583
90578
93594
95608
97499
62521
97746
84753
97499
97499
93416
99076
99024
95608
99699
94841
95906
97746
94000
97746
96583
96611
98442
97499
93594
80426
99596
96583
98783
98398
97746
97746
93594
97746
98238
91031
97746
95608
96877
91361
90578
95980
86977
93731
97499
97300
92121
97746
97746
97746
91073
97294
97499
98522
98369
97746
97746
97746
93739
99982
88925
97746
97267
99691
95630
84586
97746
97266
97499
96535
99272
97499
96583
97499
93594
96804
97746
97499
92270
99024
97499
97746
97909
97746
99699
82858
99454
86977
95246
97499
96583
97746
97746
95887
97746
97499
97746
93004
95622
81656
96514
93594
97499
93477
99621
99555
99823
82480
79804
96583
96715
94679
91575
98518
93738
83650
97746
99078
95704
97746
86225
98024
97746
97746
81536
97746
97110
92103
99436
86977
93030
92121
95566
97347
92698
98408
93594
98517
92624
99436
97746
97746
98320
95707
98738
94508
99407
90578
95968
92121
97746
97499
84825
97746
94352
93594
97321
97845
96583
92470
99778
98198
94907
97499
92624
97746
97746
94709
90603
94377
87867
81493
99349
96335
97746
99778
91980
97499
97792
99134
99416
99823
97746
85637
96326
93096
97746
92275
97499
97746
92065
93594
95931
92121
98316
96478
82233
98838
97499
95311
95352
97276
99249
97499
98700
94195
91200
93477
97746
99823
99194
92877
97254
97746
92486
96258
94172
99075
98486
96021
95608
92121
89237
94778
93904
97746
97499
98838
93594
93148
99253
86977
97746
95686
97746
97746
96558
95305
93785
93594
95608
96211
82096
97499
95512
93822
97518
93232
97499
98838
97634
93594
97499
97389
90578
97746
90578
97903
97746
93594
96535
97746
99024
99833
97746
97746
96583
97755
97746
97499
95597
99092
97746
98220
97872
97746
99823
96583
96061
97499
88283
99416
97499
99161
85937
99902
94632
99935
93609
95755
97746
94272
89893
92121
93594
93594
95075
95711
97746
93594
96558
99075
97149
97499
97499
97746
99024
97746
98015
93594
97132
95980
92388
92573
95670
97499
90401
92396
93594
92953
98838
97746
97740
97558
92943
96715
97499
97746
97746
98838
97746
94573
98516
97499
84833
93594
93148
97499
99411
97499
97746
97746
93594
97746
99068
97746
97746
97110
97499
91636
93594
97113
97499
86977
98838
88105
97499
95887
97607
97909
93046
84711
93594
88185
94625
97184
89237
95608
84753
86977
97499
97746
95980
90506
97350
96919
97648
97294
99109
97440
91119
97746
95989
96548
95980
83311
93594
97746
97746
99024
98163
92121
92121
96210
94545
97746
80416
83549
97673
95608
92470
93913
97746
97746
97746
97499
97499
96215
98621
97673
95094
99416
97499
92848
95608
97746
97746
99109
96293
93594
98442
79804
94172
97499
97746
98486
95420
92584
94172
97746
99621
96965
96611
97499
99024
97499
96676
95557
97499
93148
87065
97110
97746
99007
80426
96548
97350
93340
93594
82424
93594
97499
92121
95608
90578
95235
94172
95608
83131
83487
96759
97746
91129
90684
98838
94664
90772
92091
92275
98419
99376
99024
90578
95530
90440
97434
98838
95235
97746
97490
96988
99449
91196
87049
81346
93594
97499
97746
97746
73397
98817
92121
95225
97746
97732
96723
98486
98549
97746
85642
99460
98830
94172
93028
90335
98838
97746
96597
97223
97499
97802
64782
98679
96651
88185
97499
94169
80416
70043
95235
86067
99555
97414
97746
96875
76248
95824
99755
99376
97746
98467
97758
97746
83748
87297
97499
91922
97499
93594
92919
90315
99256
97499
96583
96731
93594
97643
97700
97746
98244
98357
97746
93554
98752
93738
92698
93594
86977
90669
95326
99500
93594
94620
97838
87021
97746
98819
97746
93416
83134
97746
97746
99324
97499
95819
93822
89808
92908
98838
84273
97499
97746
97746
90578
97991
97740
97746
98655
86484
90463
93594
97746
97499
86977
98399
97253
97746
93594
91269
97746
89228
98847
93246
97499
90578
97746
95991
82233
99024
96469
93594
99962
97294
93594
99024
97746
93594
81536
96797
98609
83436
92270
94169
97499
88030
99888
99812
97746
97746
97499
87144
95581
92488
99024
97746
92577
96663
97448
94203
97746
97746
90578
92514
85823
97110
99747
90578
86020
97499
86977
92863
96147
98409
97679
98446
64782
80752
93623
98722
97777
97746
90578
97499
93477
97746
97746
99823
97746
97746
99823
98621
97499
97499
97746
85740
90553
99416
99024
90578
95566
96108
96113
97992
99724
95235
97499
97499
97746
96387
93117
87978
88866
99416
98838
98637
97746
98779
97050
91570
87517
94907
85823
81345
93148
97499
98621
96829
96586
97746
97746
98609
97746
97499
88612
97793
95608
97889
93148
97746
97746
99927
94004
99823
96583
93594
98621
88495
96583
93096
98838
97746
93594
97746
98516
97746
93739
95608
97940
98188
97909
87741
91673
97499
86977
98838
97499
83487
93738
96535
95422
91962
97499
99823
98838
93148
93616
92148
99024
97499
87723
91723
96583
97746
80108
97746
91254
98048
97634
93148
83487
97746
97732
97166
96196
95726
95630
96611
99416
93594
98442
97693
99618
92594
95581
99109
93030
99161
97746
97499
92843
99416
81536
97214
93477
99075
90854
97732
92121
96583
96739
88213
93738
99621
96326
93148
93096
99024
97746
90578
97746
97746
86191
86977
97746
95608
95970
97482
97746
91050
97746
87439
98621
97294
98442
97679
98609
99621
99784
96049
89550
97746
98880
97746
83448
83487
98621
97846
93594
95887
93096
86977
99827
97746
87215
85885
97499
97746
95373
97499
98838
97746
97746
97499
99416
98408
86977
97746
97746
97746
90578
92877
81387
79804
95350
99024
97072
97538
81377
93594
97746
97499
97673
96583
90196
98807
98398
93594
98442
83543
93969
93594
70043
97746
99500
92095
95797
87423
99416
99332
86977
86977
97746
95915
99024
98700
92500
99641
97499
98449
98744
94169
94166
97746
93030
97658
99699
74298
79804
97499
90578
95438
99416
97350
97746
86977
84875
95608
98192
93594
99138
88629
80319
97746
93594
92653
95246
95772
96548
96583
97499
99015
99982
99982
97499
87935
99416
95479
86977
97746
97499
95974
94169
96985
90578
97746
98522
96583
97746
98233
95608
89844
99823
97499
97294
83487
96208
91868
93738
90578
95608
98964
78760
95857
97746
97499
88859
86977
90058
98574
97499
97746
93594
99912
97746
80254
95670
99935
90684
97732
97746
97545
97746
99758
97746
99064
98087
97746
96244
97746
93303
93594
93594
97716
96583
97499
97746
97746
78913
92091
87049
97746
97746
93688
97746
99323
93594
97148
90908
98744
97499
95011
94907
97746
95702
97746
95608
97746
96663
97746
98017
93594
95488
99833
97499
98000
99725
97746
87366
95425
99194
86977
97499
97499
96558
87557
84037
96548
97499
95608
93594
94684
93594
95755
93317
93148
94172
98930
83163
98660
97499
97746
98542
90578
96877
97746
87817
97746
98409
92647
97499
92287
97746
94681
85823
97746
98838
83259
97746
97499
97326
92647
84273
95830
97499
97673
93054
93594
98987
96583
98148
99621
98838
94681
98838
97499
78066
93148
95526
97451
96042
96583
91527
90058
92470
97746
92121
97746
95696
94944
97499
87777
97746
82779
93477
96137
99935
97746
98219
98688
98948
97499
91727
97746
88814
97746
97746
98484
99765
97746
99073
99436
95649
98549
86977
99761
97499
97746
98801
97499
89886
96968
94245
90662
91751
99048
95915
97746
98317
98057
95850
97746
99950
93723
93723
96493
97746
96731
93594
97746
86977
92863
90068
95326
94409
93945
96583
93594
97746
99158
97746
97746
99326
98037
97499
99024
97746
97912
97152
92647
88363
90506
87076
96597
97336
97746
93738
99663
97499
99355
97746
97746
96583
96583
98569
93594
99324
90684
94391
99765
96583
97746
99472
99105
94411
97746
97802
96196
95819
96182
93594
89880
96351
92269
93148
97746
97746
97573
97355
97499
89986
90140
97523
99075
95630
97746
99197
99024
98467
91896
90557
96535
97499
97499
97746
96178
97746
98700
97746
97499
99183
93328
97499
99472
97499
98869
97746
97746
99210
90867
95031
99078
91213
95557
97499
85776
93148
96985
85562
98655
98646
99267
97746
95425
98770
84989
97746
97992
99109
97746
97746
98048
97350
95608
97746
93594
97499
85839
93594
92863
99109
95057
79845
94178
97746
97499
94958
95235
97499
98343
93594
93594
97746
86832
97279
99253
96364
99765
66944
98636
97746
90578
83311
82480
95608
95157
91734
95670
99596
93594
98838
97559
97499
93594
86977
88495
92290
92270
95340
93477
97746
91856
98186
99436
89680
96493
97499
97706
97746
93594
86977
92121
88496
96535
92332
86977
97746
97746
97746
90578
97746
98016
88170
92090
94169
93096
94907
97294
98987
93594
97499
97634
97746
94700
97499
99024
94632
96480
98486
97499
99258
97499
97746
97499
97499
99564
96583
92470
95352
99380
99514
99168
93594
97746
94037
97746
98066
97746
97746
95425
88170
95819
98212
79804
95488
96583
98599
95755
97746
79804
97746
97746
99109
93754
83487
96882
90578
96583
96211
97389
97746
93148
96663
93594
97746
71244
99640
97746
86977
97746
82440
81419
95566
97499
97499
97634
98987
97746
93594
97499
90578
97746
96809
95197
94391
98621
96241
97499
80319
95277
94907
99436
80469
98987
97499
95608
95665
92948
97746
97746
96583
97499
97438
97746
98517
86977
95670
90578
97746
99807
96042
93611
98838
93305
95736
95608
98688
97716
96583
93594
77601
91727
97499
97499
87797
95983
97746
97555
97499
97746
90381
92121
86977
98442
97499
92121
98879
94991
98599
92578
93148
93477
92121
99024
99416
97746
93594
97746
95579
75788
97746
99630
92948
95608
99456
97746
85136
86977
97499
96583
92948
92584
97746
92372
81663
80599
97634
99593
97746
96583
97705
97499
98963
97575
97746
87049
87049
97746
97746
89550
97793
92726
96241
97686
96583
93148
97575
93594
93594
96634
86977
95630
97499
97746
94000
96938
96548
96211
96583
85536
80416
99982
93969
99173
99024
99596
93148
97746
93098
97746
98801
90578
97499
92744
97746
93594
91080
99054
97294
97746
94211
97746
97499
96478
97746
97499
99823
97746
94037
97746
97746
97746
99024
99011
93477
90338
99027
91547
90578
85664
97746
97591
97746
86977
90401
97746
96597
92584
97499
99436
98442
96690
93594
99823
98187
93594
98186
93594
97822
97746
87160
93594
90289
94595
83131
97294
83776
95670
99322
98352
83776
96583
99924
92848
99550
98143
98058
97510
90236
92121
97746
97294
99123
97499
97750
96116
83776
98838
94112
99024
89550
96535
86309
85559
96583
97694
93594
97746
96535
99329
97499
97746
93096
97746
98143
96877
86863
86977
97746
97746
97746
97746
98969
97499
86977
97499
97746
97499
99272
96676
83071
97746
97499
83578
87901
86977
98442
87976
97499
96612
97746
93594
91716
93477
99138
97499
98609
96694
86977
99785
97909
97746
97165
98933
97746
97740
91396
97746
97746
85463
97746
97499
95149
99256
96671
97746
94595
96359
83776
92121
97793
99194
99618
97802
89648
88807
97746
95611
98744
92339
98761
93738
93004
87147
86977
93594
97294
99272
70477
96113
99742
83487
97740
99024
96882
96804
97746
97499
97746
99641
97499
99747
97350
96583
89385
99712
93594
95819
97746
94169
82975
97266
97390
95608
95425
95661
86977
95352
97499
98825
97746
97106
95458
97992
92653
98549
97499
98482
97746
95352
93148
93723
97746
86977
86977
97746
97746
97746
93594
95135
98797
97746
99161
96042
96021
97746
99332
97499
96782
93594
96548
97746
92848
89811
99324
97746
92121
96112
94573
98383
95850
86977
97499
95744
95656
95352
97499
85823
98699
79804
92768
97746
99108
98633
97499
97499
99436
97295
98838
98838
96268
95608
86977
96023
93594
96583
87769
99935
97746
95352
97746
83650
97389
97746
99376
81419
94444
95608
97499
93148
91527
95630
98985
96535
99795
96107
93594
98992
96182
97746
97499
91527
93096
97746
97746
94112
93594
97746
90578
95915
97933
78045
97746
97746
97746
97988
96489
91575
99420
97490
83650
93594
93594
98199
92848
97746
97499
99173
99778
93594
99271
97746
93477
85332
90854
96998
93594
94664
93477
92091
97746
99436
98797
97060
98442
97746
73397
97499
97746
96312
99477
98933
99024
97746
93004
97746
85637
97746
97499
93935
92943
98638
97746
97746
99272
93594
97746
93148
99109
93594
97746
99935
97746
97199
93594
90578
94465
85536
93594
93410
86977
97746
71705
91305
97746
92121
98923
99109
92894
99823
99144
95597
91320
93594
97499
89056
93747
99635
98317
97746
97746
98177
98738
95351
97746
98792
99472
96877
98486
95915
97746
98714
92065
99024
97746
93594
97499
98838
97746
97499
95819
97746
99277
93594
90578
97499
97746
97746
93775
96583
97746
96524
96236
99324
99607
97499
93594
99272
97499
96804
94064
99937
93594
93477
93402
97746
93594
83487
98700
99765
91957
98838
95738
97746
95582
97499
94207
97700
95206
90578
98743
97499
96042
94595
96583
96985
99641
97746
97746
97389
99416
99571
96919
79804
97746
95915
97499
97746
97746
82549
97746
97294
99776
97499
92121
98765
97499
97499
98679
86977
97340
97499
87027
97746
79804
94146
97499
95915
99110
98838
93302
91671
90578
97746
90578
97746
97746
93594
89259
99258
93030
97746
97746
97499
91486
86977
83311
89237
91268
93594
93594
97746
87031
97474
97499
97507
93554
97746
97613
97746
97535
97746
99420
98987
98599
98933
97746
99024
99778
96586
86977
98801
99663
93594
93646
96965
99024
92121
99778
97499
79720
97499
97746
97499
98838
97184
96478
81383
87935
95645
97110
97746
92998
99024
95608
93594
97746
92121
92065
94850
97746
92768
99272
97634
97499
86977
90976
97746
92698
92043
97778
97732
98188
97499
91962
87215
93594
92121
91050
99924
99024
96039
97746
97746
97746
90578
97499
96535
97499
98700
98621
98824
97746
98335
98357
97746
92006
99206
97746
93594
97499
96210
97260
97389
97746
93594
91598
97746
93594
98789
88700
97499
93594
94961
97499
96877
99747
83487
97746
97746
97746
97294
92091
93738
97746
99697
98699
92655
99416
76950
92863
98941
94169
96042
97499
86977
91575
98104
97746
97746
92673
98599
99024
95608
97746
96611
97499
99472
96754
94362
92863
93945
94578
99621
88882
97499
92541
97746
97499
99173
90578
97713
99324
99062
83071
86977
97746
89550
84601
98838
97632
97746
91196
97746
77122
85475
97499
97746
99935
93148
97746
97746
87215
99436
96099
96039
97746
97499
97499
94822
96877
80319
97746
95744
96731
99147
93594
96156
97746
96107
90578
97746
97746
93148
88619
92470
96715
92470
98522
93594
93638
93148
97746
97499
96583
94664
99151
85536
97746
97746
70477
98838
93477
98383
96877
97746
99075
97499
98838
93594
99332
95649
97499
99765
97746
95040
99472
93594
97746
86977
90443
97279
99128
97499
93594
86715
99024
88240
97074
97746
86977
94169
96558
95232
97158
95938
97746
97746
97499
95980
99108
98319
93956
94701
97746
98621
96597
79804
91031
98700
95608
97746
96760
94803
90309
97746
89550
97499
93594
90689
97499
97746
99924
97746
93594
97499
97746
93594
99064
80218
97350
87049
97746
93148
93594
97499
91455
82272
99623
98071
96583
98486
93594
97746
93148
97499
99324
93372
97359
91433
97746
97746
83487
86977
97499
97740
97679
97746
97499
93148
97911
97746
95104
96112
93763
97838
99569
97499
97746
97499
97746
97769
98467
97499
93594
86977
97723
99024
96211
95714
97499
97746
70890
97746
94304
92121
86835
97746
90506
96877
92121
86977
97746
93314
96919
93594
94578
97746
71939
97499
97746
97499
97746
95182
86977
96483
92584
98776
93148
97746
93594
89550
95597
94169
98707
97746
93594
98838
93594
93723
93148
97746
98969
97746
97746
93738
98325
92121
99436
95608
97746
98838
95819
92943
84273
87215
90772
95313
97746
96511
97746
93594
86977
97746
97746
95630
97746
92166
92552
91664
94119
97746
85332
98522
97499
97688
97746
92065
93594
97746
99505
92647
76723
97499
97499
95608
94545
97746
98009
99994
93594
92647
98343
99807
92121
93594
97746
92121
91575
93594
93594
99024
98025
73397
97634
92121
97660
99844
73397
99952
87708
95352
93148
90976
97499
94562
96535
97499
97974
84916
97746
96597
93594
97746
96419
97746
90418
99272
91524
97499
92121
97746
97746
99024
91674
96178
93877
93536
97746
95011
81536
97746
99151
84586
96919
97174
99024
99925
87935
93148
95608
92863
93328
87935
92863
97499
97746
98738
99436
98987
96919
94595
96156
97746
97746
98987
97499
93594
91779
88185
98514
99514
92470
97746
99679
95608
97499
87086
92863
99778
99281
95608
93594
90578
97746
97499
97746
89259
97499
99304
90603
93594
99436
99272
99823
97746
93594
91957
97746
90680
92584
98048
97746
79804
97746
97782
97499
97634
94395
98625
86977
97499
99635
97746
98987
96378
86977
95519
93148
95608
93594
97746
97499
98444
95608
95677
99052
97499
96583
96535
94578
96583
97499
97499
97746
88733
95819
97499
97746
93643
94844
94714
99024
94169
99593
97746
97746
97499
97746
97746
93594
89550
97746
92121
90236
97499
97746
96905
97746
97940
97316
93148
86977
97499
98838
98486
92121
88457
94799
98923
98586
96867
99090
97746
97074
86977
97746
89550
93594
97746
93594
97746
93594
97853
97499
78970
97499
88701
98803
82830
96884
97499
97499
90578
97746
98196
97607
96908
98599
99337
99823
93416
97746
98335
87935
85536
97499
98442
97746
97499
98456
97499
93638
97746
99436
95608
97746
96583
97746
99121
97459
91840
98838
91007
99661
91957
97746
97746
95161
93788
98352
82379
97389
97499
85776
89279
98123
97499
99436
96042
93594
99324
92878
95597
94657
90578
98382
93739
95910
97490
92850
99272
97746
95366
90578
97746
94169
97535
92121
96624
93477
96178
95713
86200
95608
97746
93054
99823
78573
99109
97499
97746
99823
97746
93594
94714
99778
85597
96583
94112
93594
97746
97499
98838
95541
96583
98600
93594
93594
98679
93594
97499
97499
97389
94169
95617
91108
83311
97499
80993
97746
93096
95608
95608
97499
98586
98896
97499
97746
97746
97499
99176
97746
99147
98442
95235
93738
98744
97499
90506
97499
97746
97050
97746
97499
93594
92646
95277
97499
91361
93594
90088
99709
93477
98048
99472
97499
96583
84029
93148
93754
72060
81536
96583
95606
97746
90256
90196
93594
93594
97499
97911
88295
78935
96402
98838
93594
92470
97499
90958
98838
97499
79804
99024
92695
93594
97903
94172
90699
87022
97746
97499
97746
93594
93594
94907
87557
97746
93148
97499
93594
97746
98744
86539
91592
97184
93081
92653
90578
86977
90578
98599
97746
97746
97746
89367
94169
99075
93148
98838
97499
99500
98569
93210
99699
97531
80293
99113
97746
97499
91252
96767
86977
97746
92388
99407
97746
93594
93594
98102
92863
95819
93594
90506
97746
93594
93763
98838
85328
92948
96583
99075
97746
97746
97566
97499
97746
99355
97746
97573
99778
97746
95235
98317
99416
97499
83546
95425
96107
93822
96583
99935
99436
97746
97266
93594
92529
86157
97499
93594
80990
97499
99322
99024
93148
97746
97499
95630
97746
97740
97499
97732
97754
97574
97746
96182
99472
99173
99787
91896
97746
80426
92121
91840
93738
99930
92470
85637
97746
97746
87049
86977
99593
77122
98638
94907
94169
95526
90044
97746
90236
99755
97499
93094
99852
97746
94573
99064
90692
92065
97746
99873
99823
94169
97499
98655
96583
95630
94119
97499
93148
91031
96042
97746
99896
97499
93715
92121
92065
97746
95236
97499
97139
98792
95830
89808
96583
97746
97499
87192
97499
99763
96489
89900
98838
80350
98599
97746
97499
98369
97499
97746
97347
98037
93594
98987
98783
95943
90578
99621
97499
97746
97746
90578
90506
96326
92552
94119
97535
97499
90684
97499
93594
97638
86977
97746
97746
97746
95980
92121
93594
93594
86977
93738
95649
93655
90578
97294
98442
98838
93148
95206
99935
97499
97746
92121
98549
96021
89899
92146
95693
97746
97499
93594
94300
96758
93731
98621
95015
96583
93372
97746
83487
97746
95887
97909
91527
99770
86977
97746
96480
84650
90578
94907
98319
93655
97499
99533
94169
98964
86977
64782
97499
97350
99024
92863
94169
93951
95470
86977
96500
98460
97746
99667
90578
96583
96868
88203
98442
98838
95277
91527
69415
99258
94903
95131
93105
99183
93594
93148
94037
86977
93594
99219
97746
97294
97350
95608
92033
97746
99272
99027
99276
92833
84748
97694
96676
97499
99024
99419
86977
95711
88185
97499
97499
96054
97746
95797
93314
89808
99161
99747
96941
99024
97746
95938
90578
80426
98766
97746
93095
92287
99416
99310
97746
97499
97499
97499
93594
94391
99823
96535
95974
95581
93363
98198
97746
88859
96690
97466
93594
98838
98987
92179
97499
93477
97746
96114
90908
97740
82795
97746
96583
97499
99544
97746
95649
99470
99194
92121
98398
97746
97746
98486
97746
97746
97499
99436
92159
95352
97746
97746
97746
97746
86977
94169
92121
92121
96548
93594
90578
91891
93594
93987
97499
90453
97746
99109
98291
95830
99697
90578
93594
99138
90311
92764
97909
88964
93148
99024
90684
90578
97933
93729
93148
97499
97746
86977
97746
97746
97746
96583
95608
80426
94907
95581
99324
99823
96958
87935
98442
94088
99024
73397
97746
86977
98118
98486
97746
97746
97746
98516
94169
93594
93594
95608
